<?xml version="1.0" encoding="UTF-8"?>
<testsuite name="LasagnaTest" tests="10" skipped="0" failures="0" errors="0" timestamp="2022-05-25T06:36:38" hostname="lokkie-virtual-machine" time="0.028">
  <properties/>
  <testcase name="total_time_in_minutes_for_multiple_layers" classname="LasagnaTest" time="0.025"/>
  <testcase name="total_time_in_minutes_for_one_layer" classname="LasagnaTest" time="0.0"/>
  <testcase name="remaining_minutes_in_oven" classname="LasagnaTest" time="0.0"/>
  <testcase name="preparation_time_in_minutes_for_one_layer" classname="LasagnaTest" time="0.0"/>
  <testcase name="expected_minutes_in_oven" classname="LasagnaTest" time="0.0"/>
  <testcase name="implemented_total_time_in_minutes" classname="LasagnaTest" time="0.001"/>
  <testcase name="implemented_remaining_minutes_in_oven" classname="LasagnaTest" time="0.0"/>
  <testcase name="preparation_time_in_minutes_for_multiple_layers" classname="LasagnaTest" time="0.001"/>
  <testcase name="implemented_expected_minutes_in_oven" classname="LasagnaTest" time="0.0"/>
  <testcase name="implemented_preparation_time_in_minutes" classname="LasagnaTest" time="0.0"/>
  <system-out><![CDATA[]]></system-out>
  <system-err><![CDATA[]]></system-err>
</testsuite>
