<?xml version="1.0" encoding="UTF-8"?>
<testsuite name="BirdWatcherTest" tests="10" skipped="0" failures="0" errors="0" timestamp="2022-06-01T04:13:26" hostname="lokkie-virtual-machine" time="0.048">
  <properties/>
  <testcase name="itShouldNotHaveBusyDays" classname="BirdWatcherTest" time="0.035"/>
  <testcase name="itShouldReturnZeroIfBirdWatcherLastWeekIsEmpty" classname="BirdWatcherTest" time="0.0"/>
  <testcase name="itShouldNotHaveDaysWithoutBirds" classname="BirdWatcherTest" time="0.0"/>
  <testcase name="itTestGetLastWeek" classname="BirdWatcherTest" time="0.007"/>
  <testcase name="itHasDayWithoutBirds" classname="BirdWatcherTest" time="0.0"/>
  <testcase name="itTestGetCountForBusyDays" classname="BirdWatcherTest" time="0.0"/>
  <testcase name="itTestGetCountForFirstDays" classname="BirdWatcherTest" time="0.0"/>
  <testcase name="itTestGetToday" classname="BirdWatcherTest" time="0.0"/>
  <testcase name="itIncrementTodaysCount" classname="BirdWatcherTest" time="0.0"/>
  <testcase name="itTestGetCountForMoreDaysThanTheArraySize" classname="BirdWatcherTest" time="0.0"/>
  <system-out><![CDATA[]]></system-out>
  <system-err><![CDATA[]]></system-err>
</testsuite>
